{"C:\\Users\\User\\Desktop\\brunoPacheco\\semana9\\src\\index.js": {"path":"C:\\Users\\User\\Desktop\\brunoPacheco\\semana9\\src\\index.js","statementMap":{"0":{"start":{"line":6,"column":20},"end":{"line":6,"column":51}},"1":{"start":{"line":7,"column":0},"end":{"line":7,"column":38}}},"fnMap":{},"branchMap":{},"s":{"0":0,"1":0},"f":{},"b":{},"hash":"0336ae0d07bf2dbe96846d35a29eb1a7cf13fcf9"}
,"C:\\Users\\User\\Desktop\\brunoPacheco\\semana9\\src\\actions\\index.js": {"path":"C:\\Users\\User\\Desktop\\brunoPacheco\\semana9\\src\\actions\\index.js","statementMap":{"0":{"start":{"line":5,"column":14},"end":{"line":5,"column":50}},"1":{"start":{"line":7,"column":23},"end":{"line":12,"column":2}},"2":{"start":{"line":7,"column":35},"end":{"line":12,"column":1}},"3":{"start":{"line":14,"column":29},"end":{"line":19,"column":2}},"4":{"start":{"line":14,"column":40},"end":{"line":19,"column":1}},"5":{"start":{"line":21,"column":32},"end":{"line":35,"column":1}},"6":{"start":{"line":21,"column":38},"end":{"line":35,"column":1}},"7":{"start":{"line":22,"column":4},"end":{"line":34,"column":5}},"8":{"start":{"line":23,"column":24},"end":{"line":30,"column":9}},"9":{"start":{"line":31,"column":8},"end":{"line":31,"column":39}},"10":{"start":{"line":37,"column":27},"end":{"line":47,"column":1}},"11":{"start":{"line":37,"column":48},"end":{"line":47,"column":1}},"12":{"start":{"line":38,"column":20},"end":{"line":44,"column":5}},"13":{"start":{"line":45,"column":4},"end":{"line":45,"column":60}},"14":{"start":{"line":46,"column":4},"end":{"line":46,"column":31}},"15":{"start":{"line":49,"column":28},"end":{"line":59,"column":1}},"16":{"start":{"line":49,"column":59},"end":{"line":59,"column":1}},"17":{"start":{"line":50,"column":20},"end":{"line":57,"column":5}},"18":{"start":{"line":58,"column":4},"end":{"line":58,"column":31}},"19":{"start":{"line":61,"column":26},"end":{"line":75,"column":1}},"20":{"start":{"line":61,"column":43},"end":{"line":75,"column":1}},"21":{"start":{"line":62,"column":20},"end":{"line":73,"column":5}},"22":{"start":{"line":74,"column":4},"end":{"line":74,"column":32}},"23":{"start":{"line":78,"column":31},"end":{"line":87,"column":1}},"24":{"start":{"line":78,"column":39},"end":{"line":87,"column":1}},"25":{"start":{"line":79,"column":20},"end":{"line":85,"column":5}},"26":{"start":{"line":86,"column":4},"end":{"line":86,"column":46}},"27":{"start":{"line":89,"column":33},"end":{"line":102,"column":1}},"28":{"start":{"line":89,"column":50},"end":{"line":102,"column":1}},"29":{"start":{"line":90,"column":20},"end":{"line":100,"column":5}},"30":{"start":{"line":101,"column":4},"end":{"line":101,"column":33}},"31":{"start":{"line":104,"column":33},"end":{"line":117,"column":1}},"32":{"start":{"line":104,"column":67},"end":{"line":117,"column":1}},"33":{"start":{"line":105,"column":20},"end":{"line":115,"column":5}},"34":{"start":{"line":116,"column":4},"end":{"line":116,"column":37}},"35":{"start":{"line":119,"column":30},"end":{"line":133,"column":1}},"36":{"start":{"line":119,"column":53},"end":{"line":133,"column":1}},"37":{"start":{"line":120,"column":20},"end":{"line":130,"column":5}},"38":{"start":{"line":131,"column":4},"end":{"line":131,"column":37}},"39":{"start":{"line":132,"column":4},"end":{"line":132,"column":32}}},"fnMap":{"0":{"name":"(anonymous_0)","decl":{"start":{"line":7,"column":23},"end":{"line":7,"column":24}},"loc":{"start":{"line":7,"column":35},"end":{"line":12,"column":1}},"line":7},"1":{"name":"(anonymous_1)","decl":{"start":{"line":14,"column":29},"end":{"line":14,"column":30}},"loc":{"start":{"line":14,"column":40},"end":{"line":19,"column":1}},"line":14},"2":{"name":"(anonymous_2)","decl":{"start":{"line":21,"column":32},"end":{"line":21,"column":33}},"loc":{"start":{"line":21,"column":38},"end":{"line":35,"column":1}},"line":21},"3":{"name":"(anonymous_3)","decl":{"start":{"line":21,"column":38},"end":{"line":21,"column":39}},"loc":{"start":{"line":21,"column":56},"end":{"line":35,"column":1}},"line":21},"4":{"name":"(anonymous_4)","decl":{"start":{"line":37,"column":27},"end":{"line":37,"column":28}},"loc":{"start":{"line":37,"column":48},"end":{"line":47,"column":1}},"line":37},"5":{"name":"(anonymous_5)","decl":{"start":{"line":37,"column":48},"end":{"line":37,"column":49}},"loc":{"start":{"line":37,"column":66},"end":{"line":47,"column":1}},"line":37},"6":{"name":"(anonymous_6)","decl":{"start":{"line":49,"column":28},"end":{"line":49,"column":29}},"loc":{"start":{"line":49,"column":59},"end":{"line":59,"column":1}},"line":49},"7":{"name":"(anonymous_7)","decl":{"start":{"line":49,"column":59},"end":{"line":49,"column":60}},"loc":{"start":{"line":49,"column":77},"end":{"line":59,"column":1}},"line":49},"8":{"name":"(anonymous_8)","decl":{"start":{"line":61,"column":26},"end":{"line":61,"column":27}},"loc":{"start":{"line":61,"column":43},"end":{"line":75,"column":1}},"line":61},"9":{"name":"(anonymous_9)","decl":{"start":{"line":61,"column":43},"end":{"line":61,"column":44}},"loc":{"start":{"line":61,"column":61},"end":{"line":75,"column":1}},"line":61},"10":{"name":"(anonymous_10)","decl":{"start":{"line":78,"column":31},"end":{"line":78,"column":32}},"loc":{"start":{"line":78,"column":39},"end":{"line":87,"column":1}},"line":78},"11":{"name":"(anonymous_11)","decl":{"start":{"line":78,"column":39},"end":{"line":78,"column":40}},"loc":{"start":{"line":78,"column":57},"end":{"line":87,"column":1}},"line":78},"12":{"name":"(anonymous_12)","decl":{"start":{"line":89,"column":33},"end":{"line":89,"column":34}},"loc":{"start":{"line":89,"column":50},"end":{"line":102,"column":1}},"line":89},"13":{"name":"(anonymous_13)","decl":{"start":{"line":89,"column":50},"end":{"line":89,"column":51}},"loc":{"start":{"line":89,"column":68},"end":{"line":102,"column":1}},"line":89},"14":{"name":"(anonymous_14)","decl":{"start":{"line":104,"column":33},"end":{"line":104,"column":34}},"loc":{"start":{"line":104,"column":67},"end":{"line":117,"column":1}},"line":104},"15":{"name":"(anonymous_15)","decl":{"start":{"line":104,"column":67},"end":{"line":104,"column":68}},"loc":{"start":{"line":104,"column":85},"end":{"line":117,"column":1}},"line":104},"16":{"name":"(anonymous_16)","decl":{"start":{"line":119,"column":30},"end":{"line":119,"column":31}},"loc":{"start":{"line":119,"column":53},"end":{"line":133,"column":1}},"line":119},"17":{"name":"(anonymous_17)","decl":{"start":{"line":119,"column":53},"end":{"line":119,"column":54}},"loc":{"start":{"line":119,"column":71},"end":{"line":133,"column":1}},"line":119}},"branchMap":{},"s":{"0":1,"1":1,"2":0,"3":1,"4":0,"5":1,"6":0,"7":0,"8":0,"9":0,"10":1,"11":0,"12":0,"13":0,"14":0,"15":1,"16":0,"17":0,"18":0,"19":1,"20":0,"21":0,"22":0,"23":1,"24":0,"25":0,"26":0,"27":1,"28":0,"29":0,"30":0,"31":1,"32":0,"33":0,"34":0,"35":1,"36":0,"37":0,"38":0,"39":0},"f":{"0":0,"1":0,"2":0,"3":0,"4":0,"5":0,"6":0,"7":0,"8":0,"9":0,"10":0,"11":0,"12":0,"13":0,"14":0,"15":0,"16":0,"17":0},"b":{},"_coverageSchema":"43e27e138ebf9cfc5966b082cf9a028302ed4184","hash":"8d54bc8ba9a341f2031db96d3ad19d5a220f0c69"}
,"C:\\Users\\User\\Desktop\\brunoPacheco\\semana9\\src\\components\\commentDetail\\index.js": {"path":"C:\\Users\\User\\Desktop\\brunoPacheco\\semana9\\src\\components\\commentDetail\\index.js","statementMap":{"0":{"start":{"line":13,"column":19},"end":{"line":17,"column":1}},"1":{"start":{"line":18,"column":29},"end":{"line":22,"column":1}},"2":{"start":{"line":23,"column":26},"end":{"line":27,"column":1}},"3":{"start":{"line":28,"column":25},"end":{"line":32,"column":1}},"4":{"start":{"line":34,"column":77},"end":{"line":34,"column":90}},"5":{"start":{"line":36,"column":25},"end":{"line":38,"column":5}},"6":{"start":{"line":37,"column":8},"end":{"line":37,"column":27}},"7":{"start":{"line":40,"column":27},"end":{"line":42,"column":5}},"8":{"start":{"line":41,"column":8},"end":{"line":41,"column":28}},"9":{"start":{"line":44,"column":24},"end":{"line":44,"column":64}},"10":{"start":{"line":45,"column":26},"end":{"line":45,"column":69}},"11":{"start":{"line":46,"column":17},"end":{"line":46,"column":57}},"12":{"start":{"line":47,"column":17},"end":{"line":47,"column":57}},"13":{"start":{"line":48,"column":4},"end":{"line":72,"column":5}}},"fnMap":{"0":{"name":"CommentDetail","decl":{"start":{"line":33,"column":24},"end":{"line":33,"column":37}},"loc":{"start":{"line":33,"column":45},"end":{"line":73,"column":1}},"line":33},"1":{"name":"(anonymous_1)","decl":{"start":{"line":36,"column":25},"end":{"line":36,"column":26}},"loc":{"start":{"line":36,"column":31},"end":{"line":38,"column":5}},"line":36},"2":{"name":"(anonymous_2)","decl":{"start":{"line":40,"column":27},"end":{"line":40,"column":28}},"loc":{"start":{"line":40,"column":33},"end":{"line":42,"column":5}},"line":40}},"branchMap":{"0":{"loc":{"start":{"line":44,"column":24},"end":{"line":44,"column":64}},"type":"cond-expr","locations":[{"start":{"line":44,"column":50},"end":{"line":44,"column":59}},{"start":{"line":44,"column":62},"end":{"line":44,"column":64}}],"line":44},"1":{"loc":{"start":{"line":45,"column":26},"end":{"line":45,"column":69}},"type":"cond-expr","locations":[{"start":{"line":45,"column":53},"end":{"line":45,"column":64}},{"start":{"line":45,"column":67},"end":{"line":45,"column":69}}],"line":45}},"s":{"0":1,"1":1,"2":1,"3":1,"4":0,"5":0,"6":0,"7":0,"8":0,"9":0,"10":0,"11":0,"12":0,"13":0},"f":{"0":0,"1":0,"2":0},"b":{"0":[0,0],"1":[0,0]},"_coverageSchema":"43e27e138ebf9cfc5966b082cf9a028302ed4184","hash":"6abc201a50c8fa7f27e8054279cf5639658a560d"}
,"C:\\Users\\User\\Desktop\\brunoPacheco\\semana9\\src\\components\\navbar\\index.js": {"path":"C:\\Users\\User\\Desktop\\brunoPacheco\\semana9\\src\\components\\navbar\\index.js","statementMap":{"0":{"start":{"line":10,"column":21},"end":{"line":12,"column":1}},"1":{"start":{"line":13,"column":19},"end":{"line":15,"column":1}},"2":{"start":{"line":18,"column":24},"end":{"line":20,"column":5}},"3":{"start":{"line":19,"column":8},"end":{"line":19,"column":24}},"4":{"start":{"line":21,"column":23},"end":{"line":23,"column":5}},"5":{"start":{"line":22,"column":8},"end":{"line":22,"column":23}},"6":{"start":{"line":24,"column":19},"end":{"line":24,"column":156}},"7":{"start":{"line":25,"column":4},"end":{"line":37,"column":5}}},"fnMap":{"0":{"name":"Navbar","decl":{"start":{"line":16,"column":24},"end":{"line":16,"column":30}},"loc":{"start":{"line":16,"column":38},"end":{"line":38,"column":1}},"line":16},"1":{"name":"(anonymous_1)","decl":{"start":{"line":18,"column":24},"end":{"line":18,"column":25}},"loc":{"start":{"line":18,"column":30},"end":{"line":20,"column":5}},"line":18},"2":{"name":"(anonymous_2)","decl":{"start":{"line":21,"column":23},"end":{"line":21,"column":24}},"loc":{"start":{"line":21,"column":29},"end":{"line":23,"column":5}},"line":21}},"branchMap":{"0":{"loc":{"start":{"line":24,"column":19},"end":{"line":24,"column":156}},"type":"cond-expr","locations":[{"start":{"line":24,"column":36},"end":{"line":24,"column":94}},{"start":{"line":24,"column":96},"end":{"line":24,"column":156}}],"line":24}},"s":{"0":1,"1":1,"2":0,"3":0,"4":0,"5":0,"6":0,"7":0},"f":{"0":0,"1":0,"2":0},"b":{"0":[0,0]},"_coverageSchema":"43e27e138ebf9cfc5966b082cf9a028302ed4184","hash":"d4eaf2305e129a81512e8a47ebc4aeca855367bf"}
,"C:\\Users\\User\\Desktop\\brunoPacheco\\semana9\\src\\components\\post\\index.js": {"path":"C:\\Users\\User\\Desktop\\brunoPacheco\\semana9\\src\\components\\post\\index.js","statementMap":{"0":{"start":{"line":13,"column":19},"end":{"line":16,"column":1}},"1":{"start":{"line":17,"column":29},"end":{"line":19,"column":1}},"2":{"start":{"line":20,"column":26},"end":{"line":24,"column":1}},"3":{"start":{"line":25,"column":25},"end":{"line":29,"column":1}},"4":{"start":{"line":31,"column":99},"end":{"line":31,"column":109}},"5":{"start":{"line":33,"column":30},"end":{"line":35,"column":5}},"6":{"start":{"line":34,"column":8},"end":{"line":34,"column":31}},"7":{"start":{"line":37,"column":25},"end":{"line":39,"column":5}},"8":{"start":{"line":38,"column":8},"end":{"line":38,"column":27}},"9":{"start":{"line":41,"column":27},"end":{"line":43,"column":5}},"10":{"start":{"line":42,"column":8},"end":{"line":42,"column":28}},"11":{"start":{"line":45,"column":24},"end":{"line":45,"column":64}},"12":{"start":{"line":46,"column":26},"end":{"line":46,"column":69}},"13":{"start":{"line":47,"column":17},"end":{"line":47,"column":57}},"14":{"start":{"line":48,"column":17},"end":{"line":48,"column":57}},"15":{"start":{"line":50,"column":4},"end":{"line":80,"column":5}}},"fnMap":{"0":{"name":"PostCard","decl":{"start":{"line":30,"column":9},"end":{"line":30,"column":17}},"loc":{"start":{"line":30,"column":25},"end":{"line":81,"column":1}},"line":30},"1":{"name":"(anonymous_1)","decl":{"start":{"line":33,"column":30},"end":{"line":33,"column":31}},"loc":{"start":{"line":33,"column":36},"end":{"line":35,"column":5}},"line":33},"2":{"name":"(anonymous_2)","decl":{"start":{"line":37,"column":25},"end":{"line":37,"column":26}},"loc":{"start":{"line":37,"column":31},"end":{"line":39,"column":5}},"line":37},"3":{"name":"(anonymous_3)","decl":{"start":{"line":41,"column":27},"end":{"line":41,"column":28}},"loc":{"start":{"line":41,"column":33},"end":{"line":43,"column":5}},"line":41}},"branchMap":{"0":{"loc":{"start":{"line":45,"column":24},"end":{"line":45,"column":64}},"type":"cond-expr","locations":[{"start":{"line":45,"column":50},"end":{"line":45,"column":59}},{"start":{"line":45,"column":62},"end":{"line":45,"column":64}}],"line":45},"1":{"loc":{"start":{"line":46,"column":26},"end":{"line":46,"column":69}},"type":"cond-expr","locations":[{"start":{"line":46,"column":53},"end":{"line":46,"column":64}},{"start":{"line":46,"column":67},"end":{"line":46,"column":69}}],"line":46}},"s":{"0":1,"1":1,"2":1,"3":1,"4":0,"5":0,"6":0,"7":0,"8":0,"9":0,"10":0,"11":0,"12":0,"13":0,"14":0,"15":0},"f":{"0":0,"1":0,"2":0,"3":0},"b":{"0":[0,0],"1":[0,0]},"_coverageSchema":"43e27e138ebf9cfc5966b082cf9a028302ed4184","hash":"a4cceef0ca3fcf1727c519ae72e811849732bb2b"}
,"C:\\Users\\User\\Desktop\\brunoPacheco\\semana9\\src\\components\\postDetail\\index.js": {"path":"C:\\Users\\User\\Desktop\\brunoPacheco\\semana9\\src\\components\\postDetail\\index.js","statementMap":{"0":{"start":{"line":13,"column":19},"end":{"line":16,"column":1}},"1":{"start":{"line":17,"column":29},"end":{"line":23,"column":1}},"2":{"start":{"line":24,"column":26},"end":{"line":28,"column":1}},"3":{"start":{"line":29,"column":25},"end":{"line":33,"column":1}},"4":{"start":{"line":35,"column":89},"end":{"line":35,"column":99}},"5":{"start":{"line":37,"column":30},"end":{"line":39,"column":5}},"6":{"start":{"line":38,"column":8},"end":{"line":38,"column":31}},"7":{"start":{"line":41,"column":25},"end":{"line":43,"column":5}},"8":{"start":{"line":42,"column":8},"end":{"line":42,"column":27}},"9":{"start":{"line":45,"column":27},"end":{"line":47,"column":5}},"10":{"start":{"line":46,"column":8},"end":{"line":46,"column":28}},"11":{"start":{"line":49,"column":24},"end":{"line":49,"column":64}},"12":{"start":{"line":50,"column":26},"end":{"line":50,"column":69}},"13":{"start":{"line":52,"column":4},"end":{"line":82,"column":5}}},"fnMap":{"0":{"name":"postDetail","decl":{"start":{"line":34,"column":24},"end":{"line":34,"column":34}},"loc":{"start":{"line":34,"column":42},"end":{"line":83,"column":1}},"line":34},"1":{"name":"(anonymous_1)","decl":{"start":{"line":37,"column":30},"end":{"line":37,"column":31}},"loc":{"start":{"line":37,"column":36},"end":{"line":39,"column":5}},"line":37},"2":{"name":"(anonymous_2)","decl":{"start":{"line":41,"column":25},"end":{"line":41,"column":26}},"loc":{"start":{"line":41,"column":31},"end":{"line":43,"column":5}},"line":41},"3":{"name":"(anonymous_3)","decl":{"start":{"line":45,"column":27},"end":{"line":45,"column":28}},"loc":{"start":{"line":45,"column":33},"end":{"line":47,"column":5}},"line":45}},"branchMap":{"0":{"loc":{"start":{"line":49,"column":24},"end":{"line":49,"column":64}},"type":"cond-expr","locations":[{"start":{"line":49,"column":50},"end":{"line":49,"column":59}},{"start":{"line":49,"column":62},"end":{"line":49,"column":64}}],"line":49},"1":{"loc":{"start":{"line":50,"column":26},"end":{"line":50,"column":69}},"type":"cond-expr","locations":[{"start":{"line":50,"column":53},"end":{"line":50,"column":64}},{"start":{"line":50,"column":67},"end":{"line":50,"column":69}}],"line":50}},"s":{"0":1,"1":1,"2":1,"3":1,"4":0,"5":0,"6":0,"7":0,"8":0,"9":0,"10":0,"11":0,"12":0,"13":0},"f":{"0":0,"1":0,"2":0,"3":0},"b":{"0":[0,0],"1":[0,0]},"_coverageSchema":"43e27e138ebf9cfc5966b082cf9a028302ed4184","hash":"f6642546fd129905533bb4f4f714449586504ee2"}
,"C:\\Users\\User\\Desktop\\brunoPacheco\\semana9\\src\\containers\\App\\index.js": {"path":"C:\\Users\\User\\Desktop\\brunoPacheco\\semana9\\src\\containers\\App\\index.js","statementMap":{"0":{"start":{"line":20,"column":26},"end":{"line":20,"column":51}},"1":{"start":{"line":21,"column":12},"end":{"line":25,"column":2}},"2":{"start":{"line":27,"column":23},"end":{"line":27,"column":45}},"3":{"start":{"line":29,"column":20},"end":{"line":34,"column":1}},"4":{"start":{"line":33,"column":11},"end":{"line":33,"column":12}},"5":{"start":{"line":36,"column":14},"end":{"line":36,"column":77}},"6":{"start":{"line":38,"column":19},"end":{"line":47,"column":1}},"7":{"start":{"line":39,"column":2},"end":{"line":46,"column":13}}},"fnMap":{"0":{"name":"(anonymous_0)","decl":{"start":{"line":33,"column":6},"end":{"line":33,"column":7}},"loc":{"start":{"line":33,"column":11},"end":{"line":33,"column":12}},"line":33},"1":{"name":"(anonymous_1)","decl":{"start":{"line":38,"column":19},"end":{"line":38,"column":20}},"loc":{"start":{"line":39,"column":2},"end":{"line":46,"column":13}},"line":39}},"branchMap":{"0":{"loc":{"start":{"line":31,"column":2},"end":{"line":33,"column":12}},"type":"cond-expr","locations":[{"start":{"line":32,"column":6},"end":{"line":32,"column":43}},{"start":{"line":33,"column":6},"end":{"line":33,"column":12}}],"line":31}},"s":{"0":0,"1":0,"2":0,"3":0,"4":0,"5":0,"6":0,"7":0},"f":{"0":0,"1":0},"b":{"0":[0,0]},"hash":"56259177ad2192a6d8035f4a1ff89f01c13ee78c"}
,"C:\\Users\\User\\Desktop\\brunoPacheco\\semana9\\src\\containers\\FeedPage\\index.js": {"path":"C:\\Users\\User\\Desktop\\brunoPacheco\\semana9\\src\\containers\\FeedPage\\index.js","statementMap":{"0":{"start":{"line":12,"column":19},"end":{"line":16,"column":1}},"1":{"start":{"line":17,"column":19},"end":{"line":21,"column":1}},"2":{"start":{"line":23,"column":18},"end":{"line":23,"column":54}},"3":{"start":{"line":24,"column":28},"end":{"line":24,"column":40}},"4":{"start":{"line":26,"column":27},"end":{"line":26,"column":32}},"5":{"start":{"line":27,"column":4},"end":{"line":32,"column":10}},"6":{"start":{"line":28,"column":8},"end":{"line":31,"column":29}},"7":{"start":{"line":29,"column":12},"end":{"line":29,"column":30}},"8":{"start":{"line":31,"column":15},"end":{"line":31,"column":27}},"9":{"start":{"line":34,"column":35},"end":{"line":44,"column":5}},"10":{"start":{"line":35,"column":8},"end":{"line":35,"column":30}},"11":{"start":{"line":36,"column":22},"end":{"line":36,"column":58}},"12":{"start":{"line":37,"column":8},"end":{"line":43,"column":9}},"13":{"start":{"line":38,"column":12},"end":{"line":38,"column":30}},"14":{"start":{"line":41,"column":36},"end":{"line":41,"column":40}},"15":{"start":{"line":42,"column":12},"end":{"line":42,"column":37}},"16":{"start":{"line":46,"column":30},"end":{"line":49,"column":5}},"17":{"start":{"line":46,"column":38},"end":{"line":49,"column":5}},"18":{"start":{"line":47,"column":26},"end":{"line":47,"column":38}},"19":{"start":{"line":48,"column":8},"end":{"line":48,"column":43}},"20":{"start":{"line":51,"column":30},"end":{"line":59,"column":5}},"21":{"start":{"line":52,"column":22},"end":{"line":52,"column":58}},"22":{"start":{"line":53,"column":8},"end":{"line":58,"column":9}},"23":{"start":{"line":54,"column":12},"end":{"line":54,"column":30}},"24":{"start":{"line":57,"column":12},"end":{"line":57,"column":30}},"25":{"start":{"line":61,"column":23},"end":{"line":66,"column":5}},"26":{"start":{"line":62,"column":22},"end":{"line":62,"column":72}},"27":{"start":{"line":62,"column":45},"end":{"line":62,"column":57}},"28":{"start":{"line":63,"column":34},"end":{"line":63,"column":69}},"29":{"start":{"line":64,"column":24},"end":{"line":64,"column":111}},"30":{"start":{"line":65,"column":8},"end":{"line":65,"column":38}},"31":{"start":{"line":68,"column":21},"end":{"line":70,"column":11}},"32":{"start":{"line":69,"column":8},"end":{"line":69,"column":99}},"33":{"start":{"line":71,"column":4},"end":{"line":109,"column":5}},"34":{"start":{"line":114,"column":4},"end":{"line":116,"column":5}},"35":{"start":{"line":120,"column":4},"end":{"line":127,"column":5}},"36":{"start":{"line":121,"column":33},"end":{"line":121,"column":66}},"37":{"start":{"line":122,"column":26},"end":{"line":122,"column":54}},"38":{"start":{"line":123,"column":25},"end":{"line":123,"column":57}},"39":{"start":{"line":124,"column":24},"end":{"line":124,"column":51}},"40":{"start":{"line":125,"column":26},"end":{"line":125,"column":55}},"41":{"start":{"line":126,"column":39},"end":{"line":126,"column":78}}},"fnMap":{"0":{"name":"FeedPage","decl":{"start":{"line":22,"column":9},"end":{"line":22,"column":17}},"loc":{"start":{"line":22,"column":25},"end":{"line":111,"column":1}},"line":22},"1":{"name":"(anonymous_1)","decl":{"start":{"line":27,"column":14},"end":{"line":27,"column":15}},"loc":{"start":{"line":27,"column":20},"end":{"line":32,"column":5}},"line":27},"2":{"name":"(anonymous_2)","decl":{"start":{"line":34,"column":35},"end":{"line":34,"column":36}},"loc":{"start":{"line":34,"column":46},"end":{"line":44,"column":5}},"line":34},"3":{"name":"(anonymous_3)","decl":{"start":{"line":46,"column":30},"end":{"line":46,"column":31}},"loc":{"start":{"line":46,"column":38},"end":{"line":49,"column":5}},"line":46},"4":{"name":"(anonymous_4)","decl":{"start":{"line":46,"column":38},"end":{"line":46,"column":39}},"loc":{"start":{"line":46,"column":47},"end":{"line":49,"column":5}},"line":46},"5":{"name":"(anonymous_5)","decl":{"start":{"line":51,"column":30},"end":{"line":51,"column":31}},"loc":{"start":{"line":51,"column":38},"end":{"line":59,"column":5}},"line":51},"6":{"name":"(anonymous_6)","decl":{"start":{"line":61,"column":23},"end":{"line":61,"column":24}},"loc":{"start":{"line":61,"column":42},"end":{"line":66,"column":5}},"line":61},"7":{"name":"(anonymous_7)","decl":{"start":{"line":62,"column":37},"end":{"line":62,"column":38}},"loc":{"start":{"line":62,"column":43},"end":{"line":62,"column":59}},"line":62},"8":{"name":"(anonymous_8)","decl":{"start":{"line":68,"column":49},"end":{"line":68,"column":50}},"loc":{"start":{"line":68,"column":60},"end":{"line":70,"column":5}},"line":68},"9":{"name":"mapStateToProps","decl":{"start":{"line":113,"column":9},"end":{"line":113,"column":24}},"loc":{"start":{"line":113,"column":32},"end":{"line":117,"column":1}},"line":113},"10":{"name":"mapDispatchToProps","decl":{"start":{"line":119,"column":9},"end":{"line":119,"column":27}},"loc":{"start":{"line":119,"column":38},"end":{"line":128,"column":1}},"line":119},"11":{"name":"(anonymous_11)","decl":{"start":{"line":121,"column":16},"end":{"line":121,"column":17}},"loc":{"start":{"line":121,"column":33},"end":{"line":121,"column":66}},"line":121},"12":{"name":"(anonymous_12)","decl":{"start":{"line":122,"column":20},"end":{"line":122,"column":21}},"loc":{"start":{"line":122,"column":26},"end":{"line":122,"column":54}},"line":122},"13":{"name":"(anonymous_13)","decl":{"start":{"line":123,"column":19},"end":{"line":123,"column":20}},"loc":{"start":{"line":123,"column":25},"end":{"line":123,"column":57}},"line":123},"14":{"name":"(anonymous_14)","decl":{"start":{"line":124,"column":18},"end":{"line":124,"column":19}},"loc":{"start":{"line":124,"column":24},"end":{"line":124,"column":51}},"line":124},"15":{"name":"(anonymous_15)","decl":{"start":{"line":125,"column":18},"end":{"line":125,"column":19}},"loc":{"start":{"line":125,"column":26},"end":{"line":125,"column":55}},"line":125},"16":{"name":"(anonymous_16)","decl":{"start":{"line":126,"column":20},"end":{"line":126,"column":21}},"loc":{"start":{"line":126,"column":39},"end":{"line":126,"column":78}},"line":126}},"branchMap":{"0":{"loc":{"start":{"line":28,"column":8},"end":{"line":31,"column":29}},"type":"if","locations":[{"start":{"line":28,"column":8},"end":{"line":31,"column":29}},{"start":{"line":28,"column":8},"end":{"line":31,"column":29}}],"line":28},"1":{"loc":{"start":{"line":37,"column":8},"end":{"line":43,"column":9}},"type":"if","locations":[{"start":{"line":37,"column":8},"end":{"line":43,"column":9}},{"start":{"line":37,"column":8},"end":{"line":43,"column":9}}],"line":37},"2":{"loc":{"start":{"line":53,"column":8},"end":{"line":58,"column":9}},"type":"if","locations":[{"start":{"line":53,"column":8},"end":{"line":58,"column":9}},{"start":{"line":53,"column":8},"end":{"line":58,"column":9}}],"line":53},"3":{"loc":{"start":{"line":64,"column":24},"end":{"line":64,"column":111}},"type":"cond-expr","locations":[{"start":{"line":64,"column":50},"end":{"line":64,"column":59}},{"start":{"line":64,"column":63},"end":{"line":64,"column":110}}],"line":64},"4":{"loc":{"start":{"line":64,"column":63},"end":{"line":64,"column":110}},"type":"cond-expr","locations":[{"start":{"line":64,"column":97},"end":{"line":64,"column":98}},{"start":{"line":64,"column":101},"end":{"line":64,"column":110}}],"line":64},"5":{"loc":{"start":{"line":68,"column":21},"end":{"line":70,"column":11}},"type":"cond-expr","locations":[{"start":{"line":68,"column":34},"end":{"line":70,"column":6}},{"start":{"line":70,"column":9},"end":{"line":70,"column":11}}],"line":68},"6":{"loc":{"start":{"line":78,"column":56},"end":{"line":78,"column":76}},"type":"cond-expr","locations":[{"start":{"line":78,"column":64},"end":{"line":78,"column":68}},{"start":{"line":78,"column":71},"end":{"line":78,"column":76}}],"line":78}},"s":{"0":1,"1":1,"2":0,"3":0,"4":0,"5":0,"6":0,"7":0,"8":0,"9":0,"10":0,"11":0,"12":0,"13":0,"14":0,"15":0,"16":0,"17":0,"18":0,"19":0,"20":0,"21":0,"22":0,"23":0,"24":0,"25":0,"26":0,"27":0,"28":0,"29":0,"30":0,"31":0,"32":0,"33":0,"34":0,"35":0,"36":0,"37":0,"38":0,"39":0,"40":0,"41":0},"f":{"0":0,"1":0,"2":0,"3":0,"4":0,"5":0,"6":0,"7":0,"8":0,"9":0,"10":0,"11":0,"12":0,"13":0,"14":0,"15":0,"16":0},"b":{"0":[0,0],"1":[0,0],"2":[0,0],"3":[0,0],"4":[0,0],"5":[0,0],"6":[0,0]},"_coverageSchema":"43e27e138ebf9cfc5966b082cf9a028302ed4184","hash":"f48af585e174fff47b62fa96e604ad8a2761f1b8"}
,"C:\\Users\\User\\Desktop\\brunoPacheco\\semana9\\src\\containers\\LoginPage\\index.js": {"path":"C:\\Users\\User\\Desktop\\brunoPacheco\\semana9\\src\\containers\\LoginPage\\index.js","statementMap":{"0":{"start":{"line":12,"column":19},"end":{"line":16,"column":1}},"1":{"start":{"line":17,"column":21},"end":{"line":19,"column":1}},"2":{"start":{"line":22,"column":28},"end":{"line":22,"column":40}},"3":{"start":{"line":24,"column":25},"end":{"line":28,"column":5}},"4":{"start":{"line":25,"column":8},"end":{"line":25,"column":30}},"5":{"start":{"line":26,"column":36},"end":{"line":26,"column":40}},"6":{"start":{"line":27,"column":8},"end":{"line":27,"column":38}},"7":{"start":{"line":30,"column":30},"end":{"line":33,"column":5}},"8":{"start":{"line":30,"column":38},"end":{"line":33,"column":5}},"9":{"start":{"line":31,"column":26},"end":{"line":31,"column":38}},"10":{"start":{"line":32,"column":8},"end":{"line":32,"column":43}},"11":{"start":{"line":35,"column":30},"end":{"line":37,"column":5}},"12":{"start":{"line":36,"column":8},"end":{"line":36,"column":26}},"13":{"start":{"line":38,"column":4},"end":{"line":75,"column":5}},"14":{"start":{"line":80,"column":4},"end":{"line":85,"column":5}},"15":{"start":{"line":81,"column":26},"end":{"line":81,"column":59}},"16":{"start":{"line":82,"column":38},"end":{"line":82,"column":76}},"17":{"start":{"line":83,"column":28},"end":{"line":83,"column":59}},"18":{"start":{"line":84,"column":25},"end":{"line":84,"column":57}}},"fnMap":{"0":{"name":"LoginPage","decl":{"start":{"line":20,"column":9},"end":{"line":20,"column":18}},"loc":{"start":{"line":20,"column":26},"end":{"line":77,"column":1}},"line":20},"1":{"name":"(anonymous_1)","decl":{"start":{"line":24,"column":25},"end":{"line":24,"column":26}},"loc":{"start":{"line":24,"column":36},"end":{"line":28,"column":5}},"line":24},"2":{"name":"(anonymous_2)","decl":{"start":{"line":30,"column":30},"end":{"line":30,"column":31}},"loc":{"start":{"line":30,"column":38},"end":{"line":33,"column":5}},"line":30},"3":{"name":"(anonymous_3)","decl":{"start":{"line":30,"column":38},"end":{"line":30,"column":39}},"loc":{"start":{"line":30,"column":47},"end":{"line":33,"column":5}},"line":30},"4":{"name":"(anonymous_4)","decl":{"start":{"line":35,"column":30},"end":{"line":35,"column":31}},"loc":{"start":{"line":35,"column":36},"end":{"line":37,"column":5}},"line":35},"5":{"name":"mapDispatchToProps","decl":{"start":{"line":79,"column":9},"end":{"line":79,"column":27}},"loc":{"start":{"line":79,"column":38},"end":{"line":86,"column":1}},"line":79},"6":{"name":"(anonymous_6)","decl":{"start":{"line":81,"column":20},"end":{"line":81,"column":21}},"loc":{"start":{"line":81,"column":26},"end":{"line":81,"column":59}},"line":81},"7":{"name":"(anonymous_7)","decl":{"start":{"line":82,"column":17},"end":{"line":82,"column":18}},"loc":{"start":{"line":82,"column":38},"end":{"line":82,"column":76}},"line":82},"8":{"name":"(anonymous_8)","decl":{"start":{"line":83,"column":22},"end":{"line":83,"column":23}},"loc":{"start":{"line":83,"column":28},"end":{"line":83,"column":59}},"line":83},"9":{"name":"(anonymous_9)","decl":{"start":{"line":84,"column":19},"end":{"line":84,"column":20}},"loc":{"start":{"line":84,"column":25},"end":{"line":84,"column":57}},"line":84}},"branchMap":{},"s":{"0":1,"1":1,"2":0,"3":0,"4":0,"5":0,"6":0,"7":0,"8":0,"9":0,"10":0,"11":0,"12":0,"13":0,"14":0,"15":0,"16":0,"17":0,"18":0},"f":{"0":0,"1":0,"2":0,"3":0,"4":0,"5":0,"6":0,"7":0,"8":0,"9":0},"b":{},"_coverageSchema":"43e27e138ebf9cfc5966b082cf9a028302ed4184","hash":"593834ab74179492db6e4e15f3277a550bafb7ee"}
,"C:\\Users\\User\\Desktop\\brunoPacheco\\semana9\\src\\containers\\PostPage\\index.js": {"path":"C:\\Users\\User\\Desktop\\brunoPacheco\\semana9\\src\\containers\\PostPage\\index.js","statementMap":{"0":{"start":{"line":13,"column":19},"end":{"line":17,"column":1}},"1":{"start":{"line":18,"column":19},"end":{"line":22,"column":1}},"2":{"start":{"line":24,"column":18},"end":{"line":24,"column":54}},"3":{"start":{"line":25,"column":19},"end":{"line":25,"column":37}},"4":{"start":{"line":27,"column":4},"end":{"line":35,"column":11}},"5":{"start":{"line":28,"column":22},"end":{"line":28,"column":58}},"6":{"start":{"line":29,"column":8},"end":{"line":34,"column":9}},"7":{"start":{"line":30,"column":12},"end":{"line":30,"column":30}},"8":{"start":{"line":33,"column":12},"end":{"line":33,"column":31}},"9":{"start":{"line":37,"column":28},"end":{"line":37,"column":40}},"10":{"start":{"line":39,"column":26},"end":{"line":39,"column":36}},"11":{"start":{"line":41,"column":25},"end":{"line":49,"column":5}},"12":{"start":{"line":42,"column":8},"end":{"line":42,"column":27}},"13":{"start":{"line":43,"column":8},"end":{"line":48,"column":9}},"14":{"start":{"line":44,"column":12},"end":{"line":44,"column":30}},"15":{"start":{"line":47,"column":12},"end":{"line":47,"column":50}},"16":{"start":{"line":50,"column":31},"end":{"line":53,"column":5}},"17":{"start":{"line":50,"column":39},"end":{"line":53,"column":5}},"18":{"start":{"line":51,"column":26},"end":{"line":51,"column":38}},"19":{"start":{"line":52,"column":8},"end":{"line":52,"column":35}},"20":{"start":{"line":55,"column":27},"end":{"line":64,"column":5}},"21":{"start":{"line":56,"column":8},"end":{"line":63,"column":9}},"22":{"start":{"line":57,"column":12},"end":{"line":57,"column":30}},"23":{"start":{"line":60,"column":42},"end":{"line":60,"column":52}},"24":{"start":{"line":61,"column":28},"end":{"line":61,"column":115}},"25":{"start":{"line":62,"column":12},"end":{"line":62,"column":42}},"26":{"start":{"line":65,"column":30},"end":{"line":75,"column":5}},"27":{"start":{"line":66,"column":8},"end":{"line":74,"column":9}},"28":{"start":{"line":67,"column":12},"end":{"line":67,"column":30}},"29":{"start":{"line":70,"column":26},"end":{"line":70,"column":81}},"30":{"start":{"line":70,"column":47},"end":{"line":70,"column":59}},"31":{"start":{"line":71,"column":28},"end":{"line":71,"column":43}},"32":{"start":{"line":72,"column":28},"end":{"line":72,"column":131}},"33":{"start":{"line":73,"column":12},"end":{"line":73,"column":56}},"34":{"start":{"line":77,"column":25},"end":{"line":81,"column":11}},"35":{"start":{"line":78,"column":8},"end":{"line":80,"column":13}},"36":{"start":{"line":83,"column":4},"end":{"line":113,"column":5}},"37":{"start":{"line":116,"column":4},"end":{"line":118,"column":5}},"38":{"start":{"line":121,"column":4},"end":{"line":129,"column":5}},"39":{"start":{"line":122,"column":27},"end":{"line":122,"column":56}},"40":{"start":{"line":123,"column":40},"end":{"line":123,"column":80}},"41":{"start":{"line":124,"column":57},"end":{"line":124,"column":114}},"42":{"start":{"line":125,"column":39},"end":{"line":125,"column":78}},"43":{"start":{"line":126,"column":25},"end":{"line":126,"column":57}},"44":{"start":{"line":127,"column":24},"end":{"line":127,"column":51}}},"fnMap":{"0":{"name":"PostPage","decl":{"start":{"line":23,"column":9},"end":{"line":23,"column":17}},"loc":{"start":{"line":23,"column":25},"end":{"line":114,"column":1}},"line":23},"1":{"name":"(anonymous_1)","decl":{"start":{"line":27,"column":14},"end":{"line":27,"column":15}},"loc":{"start":{"line":27,"column":20},"end":{"line":35,"column":5}},"line":27},"2":{"name":"(anonymous_2)","decl":{"start":{"line":41,"column":25},"end":{"line":41,"column":26}},"loc":{"start":{"line":41,"column":32},"end":{"line":49,"column":5}},"line":41},"3":{"name":"(anonymous_3)","decl":{"start":{"line":50,"column":31},"end":{"line":50,"column":32}},"loc":{"start":{"line":50,"column":39},"end":{"line":53,"column":5}},"line":50},"4":{"name":"(anonymous_4)","decl":{"start":{"line":50,"column":39},"end":{"line":50,"column":40}},"loc":{"start":{"line":50,"column":48},"end":{"line":53,"column":5}},"line":50},"5":{"name":"(anonymous_5)","decl":{"start":{"line":55,"column":27},"end":{"line":55,"column":28}},"loc":{"start":{"line":55,"column":46},"end":{"line":64,"column":5}},"line":55},"6":{"name":"(anonymous_6)","decl":{"start":{"line":65,"column":30},"end":{"line":65,"column":31}},"loc":{"start":{"line":65,"column":56},"end":{"line":75,"column":5}},"line":65},"7":{"name":"(anonymous_7)","decl":{"start":{"line":70,"column":39},"end":{"line":70,"column":40}},"loc":{"start":{"line":70,"column":45},"end":{"line":70,"column":61}},"line":70},"8":{"name":"(anonymous_8)","decl":{"start":{"line":77,"column":49},"end":{"line":77,"column":50}},"loc":{"start":{"line":77,"column":60},"end":{"line":81,"column":5}},"line":77},"9":{"name":"mapStateToProps","decl":{"start":{"line":115,"column":9},"end":{"line":115,"column":24}},"loc":{"start":{"line":115,"column":32},"end":{"line":119,"column":1}},"line":115},"10":{"name":"mapDispatchToProps","decl":{"start":{"line":120,"column":9},"end":{"line":120,"column":27}},"loc":{"start":{"line":120,"column":38},"end":{"line":130,"column":1}},"line":120},"11":{"name":"(anonymous_11)","decl":{"start":{"line":122,"column":19},"end":{"line":122,"column":20}},"loc":{"start":{"line":122,"column":27},"end":{"line":122,"column":56}},"line":122},"12":{"name":"(anonymous_12)","decl":{"start":{"line":123,"column":23},"end":{"line":123,"column":24}},"loc":{"start":{"line":123,"column":40},"end":{"line":123,"column":80}},"line":123},"13":{"name":"(anonymous_13)","decl":{"start":{"line":124,"column":23},"end":{"line":124,"column":24}},"loc":{"start":{"line":124,"column":57},"end":{"line":124,"column":114}},"line":124},"14":{"name":"(anonymous_14)","decl":{"start":{"line":125,"column":20},"end":{"line":125,"column":21}},"loc":{"start":{"line":125,"column":39},"end":{"line":125,"column":78}},"line":125},"15":{"name":"(anonymous_15)","decl":{"start":{"line":126,"column":19},"end":{"line":126,"column":20}},"loc":{"start":{"line":126,"column":25},"end":{"line":126,"column":57}},"line":126},"16":{"name":"(anonymous_16)","decl":{"start":{"line":127,"column":18},"end":{"line":127,"column":19}},"loc":{"start":{"line":127,"column":24},"end":{"line":127,"column":51}},"line":127}},"branchMap":{"0":{"loc":{"start":{"line":29,"column":8},"end":{"line":34,"column":9}},"type":"if","locations":[{"start":{"line":29,"column":8},"end":{"line":34,"column":9}},{"start":{"line":29,"column":8},"end":{"line":34,"column":9}}],"line":29},"1":{"loc":{"start":{"line":43,"column":8},"end":{"line":48,"column":9}},"type":"if","locations":[{"start":{"line":43,"column":8},"end":{"line":48,"column":9}},{"start":{"line":43,"column":8},"end":{"line":48,"column":9}}],"line":43},"2":{"loc":{"start":{"line":56,"column":8},"end":{"line":63,"column":9}},"type":"if","locations":[{"start":{"line":56,"column":8},"end":{"line":63,"column":9}},{"start":{"line":56,"column":8},"end":{"line":63,"column":9}}],"line":56},"3":{"loc":{"start":{"line":61,"column":28},"end":{"line":61,"column":115}},"type":"cond-expr","locations":[{"start":{"line":61,"column":54},"end":{"line":61,"column":63}},{"start":{"line":61,"column":67},"end":{"line":61,"column":114}}],"line":61},"4":{"loc":{"start":{"line":61,"column":67},"end":{"line":61,"column":114}},"type":"cond-expr","locations":[{"start":{"line":61,"column":101},"end":{"line":61,"column":102}},{"start":{"line":61,"column":105},"end":{"line":61,"column":114}}],"line":61},"5":{"loc":{"start":{"line":66,"column":8},"end":{"line":74,"column":9}},"type":"if","locations":[{"start":{"line":66,"column":8},"end":{"line":74,"column":9}},{"start":{"line":66,"column":8},"end":{"line":74,"column":9}}],"line":66},"6":{"loc":{"start":{"line":72,"column":28},"end":{"line":72,"column":131}},"type":"cond-expr","locations":[{"start":{"line":72,"column":62},"end":{"line":72,"column":71}},{"start":{"line":72,"column":75},"end":{"line":72,"column":130}}],"line":72},"7":{"loc":{"start":{"line":72,"column":75},"end":{"line":72,"column":130}},"type":"cond-expr","locations":[{"start":{"line":72,"column":117},"end":{"line":72,"column":118}},{"start":{"line":72,"column":121},"end":{"line":72,"column":130}}],"line":72},"8":{"loc":{"start":{"line":77,"column":25},"end":{"line":81,"column":11}},"type":"cond-expr","locations":[{"start":{"line":77,"column":36},"end":{"line":81,"column":6}},{"start":{"line":81,"column":9},"end":{"line":81,"column":11}}],"line":77},"9":{"loc":{"start":{"line":90,"column":56},"end":{"line":90,"column":74}},"type":"cond-expr","locations":[{"start":{"line":90,"column":64},"end":{"line":90,"column":68}},{"start":{"line":90,"column":69},"end":{"line":90,"column":74}}],"line":90}},"s":{"0":1,"1":1,"2":0,"3":0,"4":0,"5":0,"6":0,"7":0,"8":0,"9":0,"10":0,"11":0,"12":0,"13":0,"14":0,"15":0,"16":0,"17":0,"18":0,"19":0,"20":0,"21":0,"22":0,"23":0,"24":0,"25":0,"26":0,"27":0,"28":0,"29":0,"30":0,"31":0,"32":0,"33":0,"34":0,"35":0,"36":0,"37":0,"38":0,"39":0,"40":0,"41":0,"42":0,"43":0,"44":0},"f":{"0":0,"1":0,"2":0,"3":0,"4":0,"5":0,"6":0,"7":0,"8":0,"9":0,"10":0,"11":0,"12":0,"13":0,"14":0,"15":0,"16":0},"b":{"0":[0,0],"1":[0,0],"2":[0,0],"3":[0,0],"4":[0,0],"5":[0,0],"6":[0,0],"7":[0,0],"8":[0,0],"9":[0,0]},"_coverageSchema":"43e27e138ebf9cfc5966b082cf9a028302ed4184","hash":"342b9c0666d7b693152c45135d2f32ba4c0093f5"}
,"C:\\Users\\User\\Desktop\\brunoPacheco\\semana9\\src\\containers\\Router\\index.js": {"path":"C:\\Users\\User\\Desktop\\brunoPacheco\\semana9\\src\\containers\\Router\\index.js","statementMap":{"0":{"start":{"line":9,"column":22},"end":{"line":15,"column":1}},"1":{"start":{"line":18,"column":2},"end":{"line":27,"column":4}}},"fnMap":{"0":{"name":"Router","decl":{"start":{"line":17,"column":9},"end":{"line":17,"column":15}},"loc":{"start":{"line":17,"column":23},"end":{"line":28,"column":1}},"line":17}},"branchMap":{},"s":{"0":1,"1":0},"f":{"0":0},"b":{},"_coverageSchema":"43e27e138ebf9cfc5966b082cf9a028302ed4184","hash":"40e805814b95c38b7ff9a13dbed30c249fefbc6e"}
,"C:\\Users\\User\\Desktop\\brunoPacheco\\semana9\\src\\containers\\SignupPage\\index.js": {"path":"C:\\Users\\User\\Desktop\\brunoPacheco\\semana9\\src\\containers\\SignupPage\\index.js","statementMap":{"0":{"start":{"line":10,"column":19},"end":{"line":14,"column":1}},"1":{"start":{"line":15,"column":21},"end":{"line":17,"column":1}},"2":{"start":{"line":20,"column":26},"end":{"line":20,"column":38}},"3":{"start":{"line":22,"column":23},"end":{"line":26,"column":3}},"4":{"start":{"line":23,"column":4},"end":{"line":23,"column":27}},"5":{"start":{"line":24,"column":42},"end":{"line":24,"column":46}},"6":{"start":{"line":25,"column":4},"end":{"line":25,"column":46}},"7":{"start":{"line":28,"column":28},"end":{"line":31,"column":3}},"8":{"start":{"line":28,"column":36},"end":{"line":31,"column":3}},"9":{"start":{"line":29,"column":22},"end":{"line":29,"column":34}},"10":{"start":{"line":30,"column":4},"end":{"line":30,"column":40}},"11":{"start":{"line":33,"column":2},"end":{"line":109,"column":4}},"12":{"start":{"line":112,"column":2},"end":{"line":114,"column":3}},"13":{"start":{"line":113,"column":45},"end":{"line":113,"column":94}}},"fnMap":{"0":{"name":"SignupPage","decl":{"start":{"line":18,"column":9},"end":{"line":18,"column":19}},"loc":{"start":{"line":18,"column":27},"end":{"line":110,"column":1}},"line":18},"1":{"name":"(anonymous_1)","decl":{"start":{"line":22,"column":23},"end":{"line":22,"column":24}},"loc":{"start":{"line":22,"column":32},"end":{"line":26,"column":3}},"line":22},"2":{"name":"(anonymous_2)","decl":{"start":{"line":28,"column":28},"end":{"line":28,"column":29}},"loc":{"start":{"line":28,"column":36},"end":{"line":31,"column":3}},"line":28},"3":{"name":"(anonymous_3)","decl":{"start":{"line":28,"column":36},"end":{"line":28,"column":37}},"loc":{"start":{"line":28,"column":45},"end":{"line":31,"column":3}},"line":28},"4":{"name":"mapDispatchToProps","decl":{"start":{"line":111,"column":9},"end":{"line":111,"column":27}},"loc":{"start":{"line":111,"column":38},"end":{"line":115,"column":1}},"line":111},"5":{"name":"(anonymous_5)","decl":{"start":{"line":113,"column":14},"end":{"line":113,"column":15}},"loc":{"start":{"line":113,"column":45},"end":{"line":113,"column":94}},"line":113}},"branchMap":{},"s":{"0":1,"1":1,"2":0,"3":0,"4":0,"5":0,"6":0,"7":0,"8":0,"9":0,"10":0,"11":0,"12":0,"13":0},"f":{"0":0,"1":0,"2":0,"3":0,"4":0,"5":0},"b":{},"_coverageSchema":"43e27e138ebf9cfc5966b082cf9a028302ed4184","hash":"dc744bd03901a75470b7f02eed31a9f209ec4bc3"}
,"C:\\Users\\User\\Desktop\\brunoPacheco\\semana9\\src\\reducers\\feed.js": {"path":"C:\\Users\\User\\Desktop\\brunoPacheco\\semana9\\src\\reducers\\feed.js","statementMap":{"0":{"start":{"line":1,"column":19},"end":{"line":1,"column":21}},"1":{"start":{"line":3,"column":20},"end":{"line":10,"column":1}},"2":{"start":{"line":4,"column":4},"end":{"line":9,"column":5}},"3":{"start":{"line":6,"column":12},"end":{"line":6,"column":57}},"4":{"start":{"line":8,"column":12},"end":{"line":8,"column":24}}},"fnMap":{"0":{"name":"(anonymous_0)","decl":{"start":{"line":3,"column":20},"end":{"line":3,"column":21}},"loc":{"start":{"line":3,"column":52},"end":{"line":10,"column":1}},"line":3}},"branchMap":{"0":{"loc":{"start":{"line":3,"column":21},"end":{"line":3,"column":39}},"type":"default-arg","locations":[{"start":{"line":3,"column":27},"end":{"line":3,"column":39}}],"line":3},"1":{"loc":{"start":{"line":4,"column":4},"end":{"line":9,"column":5}},"type":"switch","locations":[{"start":{"line":5,"column":8},"end":{"line":6,"column":57}},{"start":{"line":7,"column":8},"end":{"line":8,"column":24}}],"line":4}},"s":{"0":0,"1":0,"2":0,"3":0,"4":0},"f":{"0":0},"b":{"0":[0],"1":[0,0]},"hash":"9333bab8f9cd23dd54b67ee34251365e2dc0cf08"}
,"C:\\Users\\User\\Desktop\\brunoPacheco\\semana9\\src\\reducers\\index.js": {"path":"C:\\Users\\User\\Desktop\\brunoPacheco\\semana9\\src\\reducers\\index.js","statementMap":{"0":{"start":{"line":6,"column":32},"end":{"line":11,"column":4}},"1":{"start":{"line":7,"column":2},"end":{"line":11,"column":4}}},"fnMap":{"0":{"name":"(anonymous_0)","decl":{"start":{"line":6,"column":32},"end":{"line":6,"column":33}},"loc":{"start":{"line":7,"column":2},"end":{"line":11,"column":4}},"line":7}},"branchMap":{},"s":{"0":0,"1":0},"f":{"0":0},"b":{},"hash":"2a472eda66da45429809dbc2e934564d1743679a"}
,"C:\\Users\\User\\Desktop\\brunoPacheco\\semana9\\src\\reducers\\post.js": {"path":"C:\\Users\\User\\Desktop\\brunoPacheco\\semana9\\src\\reducers\\post.js","statementMap":{"0":{"start":{"line":1,"column":21},"end":{"line":3,"column":1}},"1":{"start":{"line":5,"column":20},"end":{"line":12,"column":1}},"2":{"start":{"line":6,"column":4},"end":{"line":11,"column":5}},"3":{"start":{"line":8,"column":12},"end":{"line":8,"column":64}},"4":{"start":{"line":10,"column":12},"end":{"line":10,"column":24}}},"fnMap":{"0":{"name":"(anonymous_0)","decl":{"start":{"line":5,"column":20},"end":{"line":5,"column":21}},"loc":{"start":{"line":5,"column":54},"end":{"line":12,"column":1}},"line":5}},"branchMap":{"0":{"loc":{"start":{"line":5,"column":21},"end":{"line":5,"column":41}},"type":"default-arg","locations":[{"start":{"line":5,"column":29},"end":{"line":5,"column":41}}],"line":5},"1":{"loc":{"start":{"line":6,"column":4},"end":{"line":11,"column":5}},"type":"switch","locations":[{"start":{"line":7,"column":8},"end":{"line":8,"column":64}},{"start":{"line":9,"column":8},"end":{"line":10,"column":24}}],"line":6}},"s":{"0":0,"1":0,"2":0,"3":0,"4":0},"f":{"0":0},"b":{"0":[0],"1":[0,0]},"hash":"c42913a9016b8731cd15fc26b44af36d3f1039ab"}
,"C:\\Users\\User\\Desktop\\brunoPacheco\\semana9\\src\\style\\theme.js": {"path":"C:\\Users\\User\\Desktop\\brunoPacheco\\semana9\\src\\style\\theme.js","statementMap":{},"fnMap":{},"branchMap":{},"s":{},"f":{},"b":{},"hash":"f52312ad475d1eeb41af1b5cddc0d268b92faf7f"}
}
